Running Gradle task 'assembleRelease'...                        
?? WARNING: Using debug keys. Run create_keystore.ps1 to setup production signing.
flutter : 
At line:1 char:1
+ flutter build apk 
--release 2>&1 | 
Out-File 
build_error.txt 
-Encoding ...
+ ~~~~~~~~~~~~~~~~~~~~
~~~~~~~~~~~~
    + CategoryInfo    
          : NotSpeci  
  fied: (:String) [   
 ], RemoteExceptio    
n
    + FullyQualifiedE 
   rrorId : NativeCo  
  mmandError
 
FAILURE: Build failed 
with an exception.

* What went wrong:
Execution failed for 
task ':app:checkReleas
eAarMetadata'.
> A failure occurred 
while executing com.an
droid.build.gradle.int
ernal.tasks.CheckAarMe
tadataWorkAction
   > 3 issues were 
found when checking 
AAR metadata:

       1.  Dependency 
'androidx.browser:brow
ser:1.9.0' requires 
Android Gradle plugin 
8.9.1 or higher.

           This build 
currently uses 
Android Gradle plugin 
8.6.1.

       2.  Dependency 
'androidx.core:core-kt
x:1.17.0' requires 
Android Gradle plugin 
8.9.1 or higher.

           This build 
currently uses 
Android Gradle plugin 
8.6.1.

       3.  Dependency 
'androidx.core:core:1.
17.0' requires 
Android Gradle plugin 
8.9.1 or higher.

           This build 
currently uses 
Android Gradle plugin 
8.6.1.

* Try:
> Run with 
--stacktrace option 
to get the stack 
trace.
> Run with --info or 
--debug option to get 
more log output.
> Run with --scan to 
get full insights.
> Get more help at htt
ps://help.gradle.org.

BUILD FAILED in 1m 5s
Running Gradle task 'assembleRelease'...                           67.1s
Gradle task 
assembleRelease 
failed with exit code 
1
