[+1043 ms] Artifact Instance of 'MaterialFonts' is not required, skipping update.
[   +5 ms] Artifact Instance of 'GradleWrapper' is not required, skipping update.
[        ] Artifact Instance of 'AndroidGenSnapshotArtifacts' is not required, skipping update.
[        ] Artifact Instance of 'AndroidInternalBuildArtifacts' is not required, skipping update.
[        ] Artifact Instance of 'IOSEngineArtifacts' is not required, skipping update.
[        ] Artifact Instance of 'FlutterWebSdk' is not required, skipping update.
[   +7 ms] Artifact Instance of 'LegacyCanvasKitRemover' is not required, skipping update.
[   +1 ms] Artifact Instance of 'FlutterSdk' is not required, skipping update.
[   +1 ms] Artifact Instance of 'WindowsEngineArtifacts' is not required, skipping update.
[        ] Artifact Instance of 'MacOSEngineArtifacts' is not required, skipping update.
[        ] Artifact Instance of 'LinuxEngineArtifacts' is not required, skipping update.
[        ] Artifact Instance of 'LinuxFuchsiaSDKArtifacts' is not required, skipping update.
[        ] Artifact Instance of 'MacOSFuchsiaSDKArtifacts' is not required, skipping update.
[        ] Artifact Instance of 'FlutterRunnerSDKArtifacts' is not required, skipping update.
[        ] Artifact Instance of 'FlutterRunnerDebugSymbols' is not required, skipping update.
[        ] Artifact Instance of 'IosUsbArtifacts' is not required, skipping update.
[        ] Artifact Instance of 'IosUsbArtifacts' is not required, skipping update.
[        ] Artifact Instance of 'IosUsbArtifacts' is not required, skipping update.
[        ] Artifact Instance of 'IosUsbArtifacts' is not required, skipping update.
[        ] Artifact Instance of 'IosUsbArtifacts' is not required, skipping update.
[        ] Artifact Instance of 'IosUsbArtifacts' is not required, skipping update.
[        ] Artifact Instance of 'FontSubsetArtifacts' is not required, skipping update.
[        ] Artifact Instance of 'PubDependencies' is not required, skipping update.
[ +785 ms] Artifact Instance of 'AndroidGenSnapshotArtifacts' is not required, skipping update.
[   +3 ms] Artifact Instance of 'AndroidInternalBuildArtifacts' is not required, skipping update.
[   +3 ms] Artifact Instance of 'IOSEngineArtifacts' is not required, skipping update.
[   +1 ms] Artifact Instance of 'FlutterWebSdk' is not required, skipping update.
[        ] Artifact Instance of 'FlutterEngineStamp' is not required, skipping update.
[        ] Artifact Instance of 'LegacyCanvasKitRemover' is not required, skipping update.
[   +7 ms] Artifact Instance of 'WindowsEngineArtifacts' is not required, skipping update.
[   +2 ms] Artifact Instance of 'MacOSEngineArtifacts' is not required, skipping update.
[        ] Artifact Instance of 'LinuxEngineArtifacts' is not required, skipping update.
[   +2 ms] Artifact Instance of 'LinuxFuchsiaSDKArtifacts' is not required, skipping update.
[        ] Artifact Instance of 'MacOSFuchsiaSDKArtifacts' is not required, skipping update.
[        ] Artifact Instance of 'FlutterRunnerSDKArtifacts' is not required, skipping update.
[        ] Artifact Instance of 'FlutterRunnerDebugSymbols' is not required, skipping update.
[ +250 ms] Artifact Instance of 'MaterialFonts' is not required, skipping update.
[        ] Artifact Instance of 'GradleWrapper' is not required, skipping update.
[   +5 ms] Artifact Instance of 'AndroidInternalBuildArtifacts' is not required, skipping update.
[        ] Artifact Instance of 'IOSEngineArtifacts' is not required, skipping update.
[        ] Artifact Instance of 'FlutterWebSdk' is not required, skipping update.
[        ] Artifact Instance of 'FlutterEngineStamp' is not required, skipping update.
[        ] Artifact Instance of 'LegacyCanvasKitRemover' is not required, skipping update.
[        ] Artifact Instance of 'FlutterSdk' is not required, skipping update.
[        ] Artifact Instance of 'WindowsEngineArtifacts' is not required, skipping update.
[        ] Artifact Instance of 'MacOSEngineArtifacts' is not required, skipping update.
[        ] Artifact Instance of 'LinuxEngineArtifacts' is not required, skipping update.
[        ] Artifact Instance of 'LinuxFuchsiaSDKArtifacts' is not required, skipping update.
[        ] Artifact Instance of 'MacOSFuchsiaSDKArtifacts' is not required, skipping update.
[        ] Artifact Instance of 'FlutterRunnerSDKArtifacts' is not required, skipping update.
[        ] Artifact Instance of 'FlutterRunnerDebugSymbols' is not required, skipping update.
[        ] Artifact Instance of 'IosUsbArtifacts' is not required, skipping update.
[        ] Artifact Instance of 'IosUsbArtifacts' is not required, skipping update.
[        ] Artifact Instance of 'IosUsbArtifacts' is not required, skipping update.
[        ] Artifact Instance of 'IosUsbArtifacts' is not required, skipping update.
[        ] Artifact Instance of 'IosUsbArtifacts' is not required, skipping update.
[        ] Artifact Instance of 'IosUsbArtifacts' is not required, skipping update.
[        ] Artifact Instance of 'FontSubsetArtifacts' is not required, skipping update.
[        ] Artifact Instance of 'PubDependencies' is not required, skipping update.
[ +371 ms] Skipping pub get: version match.
[+1106 ms] Found plugin shared_preferences at C:\Users\USER\AppData\Local\Pub\Cache\hosted\pub.dev\shared_preferences-2.5.3\
[ +117 ms] Found plugin shared_preferences_windows at C:\Users\USER\AppData\Local\Pub\Cache\hosted\pub.dev\shared_preferences_windows-2.4.1\
[  +30 ms] Found plugin path_provider_windows at C:\Users\USER\AppData\Local\Pub\Cache\hosted\pub.dev\path_provider_windows-2.3.0\
[  +79 ms] Found plugin shared_preferences_web at C:\Users\USER\AppData\Local\Pub\Cache\hosted\pub.dev\shared_preferences_web-2.4.3\
[  +15 ms] Found plugin shared_preferences_linux at C:\Users\USER\AppData\Local\Pub\Cache\hosted\pub.dev\shared_preferences_linux-2.4.1\
[   +5 ms] Found plugin path_provider_linux at C:\Users\USER\AppData\Local\Pub\Cache\hosted\pub.dev\path_provider_linux-2.2.1\
[  +13 ms] Found plugin shared_preferences_foundation at C:\Users\USER\AppData\Local\Pub\Cache\hosted\pub.dev\shared_preferences_foundation-2.5.6\
[  +10 ms] Found plugin shared_preferences_android at C:\Users\USER\AppData\Local\Pub\Cache\hosted\pub.dev\shared_preferences_android-2.4.17\
[  +29 ms] Found plugin flutter_secure_storage at C:\Users\USER\AppData\Local\Pub\Cache\hosted\pub.dev\flutter_secure_storage-9.2.4\
[   +6 ms] Found plugin flutter_secure_storage_windows at C:\Users\USER\AppData\Local\Pub\Cache\hosted\pub.dev\flutter_secure_storage_windows-3.1.2\
[ +102 ms] Found plugin path_provider at C:\Users\USER\AppData\Local\Pub\Cache\hosted\pub.dev\path_provider-2.1.5\
[   +8 ms] Found plugin path_provider_foundation at C:\Users\USER\AppData\Local\Pub\Cache\hosted\pub.dev\path_provider_foundation-2.4.4\
[   +7 ms] Found plugin path_provider_android at C:\Users\USER\AppData\Local\Pub\Cache\hosted\pub.dev\path_provider_android-2.2.21\
[  +11 ms] Found plugin flutter_secure_storage_web at C:\Users\USER\AppData\Local\Pub\Cache\hosted\pub.dev\flutter_secure_storage_web-1.2.1\
[  +53 ms] Found plugin flutter_secure_storage_macos at C:\Users\USER\AppData\Local\Pub\Cache\hosted\pub.dev\flutter_secure_storage_macos-3.1.3\
[   +4 ms] Found plugin flutter_secure_storage_linux at C:\Users\USER\AppData\Local\Pub\Cache\hosted\pub.dev\flutter_secure_storage_linux-1.2.3\
[  +41 ms] Found plugin flutter_local_notifications at C:\Users\USER\AppData\Local\Pub\Cache\hosted\pub.dev\flutter_local_notifications-16.3.3\
[  +87 ms] Found plugin flutter_local_notifications_linux at C:\Users\USER\AppData\Local\Pub\Cache\hosted\pub.dev\flutter_local_notifications_linux-4.0.1\
[  +19 ms] Found plugin firebase_messaging at C:\Users\USER\AppData\Local\Pub\Cache\hosted\pub.dev\firebase_messaging-14.7.10\
[   +6 ms] Found plugin firebase_messaging_web at C:\Users\USER\AppData\Local\Pub\Cache\hosted\pub.dev\firebase_messaging_web-3.5.18\
[  +17 ms] Found plugin firebase_core at C:\Users\USER\AppData\Local\Pub\Cache\hosted\pub.dev\firebase_core-2.32.0\
[   +6 ms] Found plugin firebase_core_web at C:\Users\USER\AppData\Local\Pub\Cache\hosted\pub.dev\firebase_core_web-2.24.0\
[  +15 ms] Found plugin file_picker at C:\Users\USER\AppData\Local\Pub\Cache\hosted\pub.dev\file_picker-8.3.7\
[   +5 ms] Found plugin flutter_plugin_android_lifecycle at C:\Users\USER\AppData\Local\Pub\Cache\hosted\pub.dev\flutter_plugin_android_lifecycle-2.0.32\
[ +238 ms] Found plugin shared_preferences at C:\Users\USER\AppData\Local\Pub\Cache\hosted\pub.dev\shared_preferences-2.5.3\
[   +6 ms] Found plugin shared_preferences_windows at C:\Users\USER\AppData\Local\Pub\Cache\hosted\pub.dev\shared_preferences_windows-2.4.1\
[  +44 ms] Found plugin path_provider_windows at C:\Users\USER\AppData\Local\Pub\Cache\hosted\pub.dev\path_provider_windows-2.3.0\
[  +13 ms] Found plugin shared_preferences_web at C:\Users\USER\AppData\Local\Pub\Cache\hosted\pub.dev\shared_preferences_web-2.4.3\
[   +6 ms] Found plugin shared_preferences_linux at C:\Users\USER\AppData\Local\Pub\Cache\hosted\pub.dev\shared_preferences_linux-2.4.1\
[  +16 ms] Found plugin path_provider_linux at C:\Users\USER\AppData\Local\Pub\Cache\hosted\pub.dev\path_provider_linux-2.2.1\
[   +5 ms] Found plugin shared_preferences_foundation at C:\Users\USER\AppData\Local\Pub\Cache\hosted\pub.dev\shared_preferences_foundation-2.5.6\
[   +4 ms] Found plugin shared_preferences_android at C:\Users\USER\AppData\Local\Pub\Cache\hosted\pub.dev\shared_preferences_android-2.4.17\
[  +16 ms] Found plugin flutter_secure_storage at C:\Users\USER\AppData\Local\Pub\Cache\hosted\pub.dev\flutter_secure_storage-9.2.4\
[   +3 ms] Found plugin flutter_secure_storage_windows at C:\Users\USER\AppData\Local\Pub\Cache\hosted\pub.dev\flutter_secure_storage_windows-3.1.2\
[   +9 ms] Found plugin path_provider at C:\Users\USER\AppData\Local\Pub\Cache\hosted\pub.dev\path_provider-2.1.5\
[   +5 ms] Found plugin path_provider_foundation at C:\Users\USER\AppData\Local\Pub\Cache\hosted\pub.dev\path_provider_foundation-2.4.4\
[   +3 ms] Found plugin path_provider_android at C:\Users\USER\AppData\Local\Pub\Cache\hosted\pub.dev\path_provider_android-2.2.21\
[   +5 ms] Found plugin flutter_secure_storage_web at C:\Users\USER\AppData\Local\Pub\Cache\hosted\pub.dev\flutter_secure_storage_web-1.2.1\
[   +8 ms] Found plugin flutter_secure_storage_macos at C:\Users\USER\AppData\Local\Pub\Cache\hosted\pub.dev\flutter_secure_storage_macos-3.1.3\
[   +2 ms] Found plugin flutter_secure_storage_linux at C:\Users\USER\AppData\Local\Pub\Cache\hosted\pub.dev\flutter_secure_storage_linux-1.2.3\
[   +9 ms] Found plugin flutter_local_notifications at C:\Users\USER\AppData\Local\Pub\Cache\hosted\pub.dev\flutter_local_notifications-16.3.3\
[  +10 ms] Found plugin flutter_local_notifications_linux at C:\Users\USER\AppData\Local\Pub\Cache\hosted\pub.dev\flutter_local_notifications_linux-4.0.1\
[  +27 ms] Found plugin firebase_messaging at C:\Users\USER\AppData\Local\Pub\Cache\hosted\pub.dev\firebase_messaging-14.7.10\
[   +3 ms] Found plugin firebase_messaging_web at C:\Users\USER\AppData\Local\Pub\Cache\hosted\pub.dev\firebase_messaging_web-3.5.18\
[   +5 ms] Found plugin firebase_core at C:\Users\USER\AppData\Local\Pub\Cache\hosted\pub.dev\firebase_core-2.32.0\
[   +2 ms] Found plugin firebase_core_web at C:\Users\USER\AppData\Local\Pub\Cache\hosted\pub.dev\firebase_core_web-2.24.0\
[  +10 ms] Found plugin file_picker at C:\Users\USER\AppData\Local\Pub\Cache\hosted\pub.dev\file_picker-8.3.7\
[   +3 ms] Found plugin flutter_plugin_android_lifecycle at C:\Users\USER\AppData\Local\Pub\Cache\hosted\pub.dev\flutter_plugin_android_lifecycle-2.0.32\
[  +85 ms] Generating C:\freetask_build\android\app\src\main\java\io\flutter\plugins\GeneratedPluginRegistrant.java
[  +47 ms] Skipping generating GeneratedPluginRegistrant.java because it is up-to-date.
[ +374 ms] executing: C:\Program Files\Android\Android Studio\jbr\bin\java -version
[+1851 ms] Exit code 0 from: C:\Program Files\Android\Android Studio\jbr\bin\java -version
[        ] openjdk version "21.0.7" 2025-04-15
           OpenJDK Runtime Environment (build 21.0.7+-13880790-b1038.58)
           OpenJDK 64-Bit Server VM (build 21.0.7+-13880790-b1038.58, mixed mode)
[  +24 ms] Top-level Gradle build file not found, skipping migration of task "clean".
[   +6 ms] executing: C:\Program Files\Android\Android Studio\jbr\bin\java --version
[ +899 ms] Exit code 0 from: C:\Program Files\Android\Android Studio\jbr\bin\java --version
[        ] openjdk 21.0.7 2025-04-15
           OpenJDK Runtime Environment (build 21.0.7+-13880790-b1038.58)
           OpenJDK 64-Bit Server VM (build 21.0.7+-13880790-b1038.58, mixed mode)
[   +6 ms] Version of Java is different than impacted version, no migration attempted.
[  +33 ms] CMake project not found, skipping support Android 15 16k page size migration.
[  +27 ms] Using gradle from C:\freetask_build\android\gradlew.bat.
[ +553 ms] LocalFile: 'C:\freetask_build\android\build.gradle.kts' doesn't provide an AGP version. Checking settings.
[ +204 ms] LocalFile: 'C:\freetask_build\android\settings.gradle.kts' provides AGP version: 7.4.2
[ +111 ms] Running Gradle task 'assembleRelease'...
[   +2 ms] executing: [C:\freetask_build\android/] C:\freetask_build\android\gradlew.bat --full-stacktrace --info -Pverbose=true -Ptarget-platform=android-arm,android-arm64,android-x64 -Ptarget=lib\main.dart -Pbase-application-name=android.app.Application -Pdart-defines=RkxVVFRFUl9WRVJTSU9OPTMuMzUuMw==,RkxVVFRFUl9DSEFOTkVMPXN0YWJsZQ==,RkxVVFRFUl9HSVRfVVJMPWh0dHBzOi8vZ2l0aHViLmNvbS9mbHV0dGVyL2ZsdXR0ZXIuZ2l0,RkxVVFRFUl9GUkFNRVdPUktfUkVWSVNJT049YTQwMmQ5YTQzNw==,RkxVVFRFUl9FTkdJTkVfUkVWSVNJT049ZGRmNDdkZDNmZg==,RkxVVFRFUl9EQVJUX1ZFUlNJT049My45LjI= -Pdart-obfuscation=false -Ptrack-widget-creation=true -Ptree-shake-icons=true assembleRelease
[+2223 ms] Deleting directory C:\Users\USER\.gradle\wrapper\dists\gradle-7.6.3-all\aocdy2d2z8kodnny3rsumj8i8\gradle-7.6.3
[   +9 ms] Unzipping C:\Users\USER\.gradle\wrapper\dists\gradle-7.6.3-all\aocdy2d2z8kodnny3rsumj8i8\gradle-7.6.3-all.zip to C:\Users\USER\.gradle\wrapper\dists\gradle-7.6.3-all\aocdy2d2z8kodnny3rsumj8i8
[  +90 ms] Exception in thread "main" java.io.FileNotFoundException: C:\Users\USER\.gradle\wrapper\dists\gradle-7.6.3-all\aocdy2d2z8kodnny3rsumj8i8\gradle-7.6.3\lib\gradle-launcher-7.6.3.jar (Access is denied)
[   +5 ms] 	at java.base/java.io.FileOutputStream.open0(Native Method)
[        ] 	at java.base/java.io.FileOutputStream.open(Unknown Source)
[        ] 	at java.base/java.io.FileOutputStream.<init>(Unknown Source)
[        ] 	at java.base/java.io.FileOutputStream.<init>(Unknown Source)
[        ] 	at org.gradle.wrapper.Install.unzip(Install.java:227)
[        ] 	at org.gradle.wrapper.Install.access$600(Install.java:27)
[        ] 	at org.gradle.wrapper.Install$1.call(Install.java:74)
[        ] 	at org.gradle.wrapper.Install$1.call(Install.java:48)
[        ] 	at org.gradle.wrapper.ExclusiveFileAccessManager.access(ExclusiveFileAccessManager.java:65)
[        ] 	at org.gradle.wrapper.Install.createDist(Install.java:48)
[        ] 	at org.gradle.wrapper.WrapperExecutor.execute(WrapperExecutor.java:128)
[        ] 	at org.gradle.wrapper.GradleWrapperMain.main(GradleWrapperMain.java:61)
[ +121 ms] Running Gradle task 'assembleRelease'... (completed in 2,437ms)
[  +86 ms] [!] Gradle threw an error while downloading artifacts from the network.
[   +4 ms] Retrying Gradle Build: #1, wait time: 100ms
[ +161 ms] LocalFile: 'C:\freetask_build\android\build.gradle.kts' doesn't provide an AGP version. Checking settings.
[   +5 ms] LocalFile: 'C:\freetask_build\android\settings.gradle.kts' provides AGP version: 7.4.2
[  +73 ms] Running Gradle task 'assembleRelease'...
[        ] executing: [C:\freetask_build\android/] C:\freetask_build\android\gradlew.bat --full-stacktrace --info -Pverbose=true -Ptarget-platform=android-arm,android-arm64,android-x64 -Ptarget=lib\main.dart -Pbase-application-name=android.app.Application -Pdart-defines=RkxVVFRFUl9WRVJTSU9OPTMuMzUuMw==,RkxVVFRFUl9DSEFOTkVMPXN0YWJsZQ==,RkxVVFRFUl9HSVRfVVJMPWh0dHBzOi8vZ2l0aHViLmNvbS9mbHV0dGVyL2ZsdXR0ZXIuZ2l0,RkxVVFRFUl9GUkFNRVdPUktfUkVWSVNJT049YTQwMmQ5YTQzNw==,RkxVVFRFUl9FTkdJTkVfUkVWSVNJT049ZGRmNDdkZDNmZg==,RkxVVFRFUl9EQVJUX1ZFUlNJT049My45LjI= -Pdart-obfuscation=false -Ptrack-widget-creation=true -Ptree-shake-icons=true assembleRelease
[+1620 ms] Deleting directory C:\Users\USER\.gradle\wrapper\dists\gradle-7.6.3-all\aocdy2d2z8kodnny3rsumj8i8\gradle-7.6.3
[  +20 ms] Unzipping C:\Users\USER\.gradle\wrapper\dists\gradle-7.6.3-all\aocdy2d2z8kodnny3rsumj8i8\gradle-7.6.3-all.zip to C:\Users\USER\.gradle\wrapper\dists\gradle-7.6.3-all\aocdy2d2z8kodnny3rsumj8i8
[ +217 ms] Exception in thread "main" java.io.FileNotFoundException: C:\Users\USER\.gradle\wrapper\dists\gradle-7.6.3-all\aocdy2d2z8kodnny3rsumj8i8\gradle-7.6.3\lib\gradle-launcher-7.6.3.jar (Access is denied)
[        ] 	at java.base/java.io.FileOutputStream.open0(Native Method)
[        ] 	at java.base/java.io.FileOutputStream.open(Unknown Source)
[        ] 	at java.base/java.io.FileOutputStream.<init>(Unknown Source)
[        ] 	at java.base/java.io.FileOutputStream.<init>(Unknown Source)
[        ] 	at org.gradle.wrapper.Install.unzip(Install.java:227)
[        ] 	at org.gradle.wrapper.Install.access$600(Install.java:27)
[        ] 	at org.gradle.wrapper.Install$1.call(Install.java:74)
[        ] 	at org.gradle.wrapper.Install$1.call(Install.java:48)
[        ] 	at org.gradle.wrapper.ExclusiveFileAccessManager.access(ExclusiveFileAccessManager.java:65)
[        ] 	at org.gradle.wrapper.Install.createDist(Install.java:48)
[        ] 	at org.gradle.wrapper.WrapperExecutor.execute(WrapperExecutor.java:128)
[        ] 	at org.gradle.wrapper.GradleWrapperMain.main(GradleWrapperMain.java:61)
[ +100 ms] Running Gradle task 'assembleRelease'... (completed in 1,963ms)
[  +95 ms] [!] Gradle threw an error while downloading artifacts from the network.
[ +122 ms] "flutter apk" took 12,153ms.
[ +399 ms] Gradle task assembleRelease failed with exit code 1
[        ] 
           #0      throwToolExit (package:flutter_tools/src/base/common.dart:34:3)
           #1      AndroidGradleBuilder.buildGradleApp (package:flutter_tools/src/android/gradle.dart:600:7)
           <asynchronous suspension>
           #2      AndroidGradleBuilder.buildApk (package:flutter_tools/src/android/gradle.dart:239:5)
           <asynchronous suspension>
           #3      BuildApkCommand.runCommand (package:flutter_tools/src/commands/build_apk.dart:131:5)
           <asynchronous suspension>
           #4      FlutterCommand.run.<anonymous closure> (package:flutter_tools/src/runner/flutter_command.dart:1581:27)
           <asynchronous suspension>
           #5      AppContext.run.<anonymous closure> (package:flutter_tools/src/base/context.dart:154:19)
           <asynchronous suspension>
           #6      CommandRunner.runCommand (package:args/command_runner.dart:212:13)
           <asynchronous suspension>
           #7      FlutterCommandRunner.runCommand.<anonymous closure> (package:flutter_tools/src/runner/flutter_command_runner.dart:503:9)
           <asynchronous suspension>
           #8      AppContext.run.<anonymous closure> (package:flutter_tools/src/base/context.dart:154:19)
           <asynchronous suspension>
           #9      FlutterCommandRunner.runCommand (package:flutter_tools/src/runner/flutter_command_runner.dart:438:5)
           <asynchronous suspension>
           #10     run.<anonymous closure>.<anonymous closure> (package:flutter_tools/runner.dart:98:11)
           <asynchronous suspension>
           #11     AppContext.run.<anonymous closure> (package:flutter_tools/src/base/context.dart:154:19)
           <asynchronous suspension>
           #12     main (package:flutter_tools/executable.dart:101:3)
           <asynchronous suspension>


[        ] Running 1 shutdown hook
[  +13 ms] Shutdown hooks complete
[ +137 ms] exiting with code 1
